<?xml version="1.0" encoding="UTF-8"?>
<!-- Generated by org.testng.reporters.JUnitReportReporter -->
<testsuite hostname="LAPTOP-RPC21CH1" failures="0" tests="2" name="org.TestCases.LoginTestCase" time="7.891" errors="0" timestamp="2023-01-01T11:32:28 IST" skipped="0">
  <testcase classname="org.TestCases.LoginTestCase" name="verifyLoginfield" time="5.871"/>
  <system-out/>
  <testcase classname="org.TestCases.LoginTestCase" name="verifyDashboard" time="2.020"/>
  <system-out/>
</testsuite> <!-- org.TestCases.LoginTestCase -->
