<?xml version="1.0" encoding="UTF-8"?>
<!-- Generated by org.testng.reporters.JUnitReportReporter -->
<testsuite hostname="LAPTOP-RPC21CH1" failures="0" tests="2" name="org.TestCases.A_LoginTestCase" time="8.353" errors="0" timestamp="2023-01-01T11:34:59 IST" skipped="0">
  <testcase classname="org.TestCases.A_LoginTestCase" name="verifyLoginfield" time="6.311"/>
  <system-out/>
  <testcase classname="org.TestCases.A_LoginTestCase" name="verifyDashboard" time="2.042"/>
  <system-out/>
</testsuite> <!-- org.TestCases.A_LoginTestCase -->
