<?xml version="1.0" encoding="UTF-8"?>
<!-- Generated by org.testng.reporters.JUnitReportReporter -->
<testsuite hostname="LAPTOP-RPC21CH1" failures="0" tests="2" name="org.TestCases.CreateAccountTestCase" time="4.814" errors="0" timestamp="2023-01-01T11:32:28 IST" skipped="0">
  <testcase classname="org.TestCases.CreateAccountTestCase" name="validateCreateNewAccoun" time="1.792"/>
  <system-out/>
  <testcase classname="org.TestCases.CreateAccountTestCase" name="verifyVisilibilityOfField" time="3.022"/>
  <system-out/>
</testsuite> <!-- org.TestCases.CreateAccountTestCase -->
