<?xml version="1.0" encoding="UTF-8"?>
<!-- Generated by org.testng.reporters.JUnitReportReporter -->
<testsuite hostname="LAPTOP-RPC21CH1" failures="0" tests="2" name="org.TestCases.A_CreateAccountTestCase" time="5.322" errors="0" timestamp="2023-01-01T11:36:21 IST" skipped="0">
  <testcase classname="org.TestCases.A_CreateAccountTestCase" name="validateCreateNewAccoun" time="1.888"/>
  <system-out/>
  <testcase classname="org.TestCases.A_CreateAccountTestCase" name="verifyVisilibilityOfField" time="3.434"/>
  <system-out/>
</testsuite> <!-- org.TestCases.A_CreateAccountTestCase -->
